23:38:37.606 INFO  AutomationTesting2020 -onStart -> Test Tag Name: Book Flight for 3 Passengers
23:38:37.606 INFO  AutomationTesting2020 -onStart -> Test Tag Name: Book Flight for 2 Passengers
23:38:37.606 INFO  AutomationTesting2020 -onStart -> Test Tag Name: Book Flight for 1 Passenger
23:38:37.606 INFO  AutomationTesting2020 -onStart -> Test Tag Name: Book Flight for 4 Passengers
23:38:37.615 INFO  AutomationTesting2020 -confirm_User_Registration
23:38:37.615 INFO  AutomationTesting2020 -confirm_User_Registration
23:38:37.615 INFO  AutomationTesting2020 -confirm_User_Registration
23:38:37.615 INFO  AutomationTesting2020 -confirm_User_Registration
23:38:37.615 INFO  AutomationTesting2020 -flight_Confirmation
23:38:37.615 INFO  AutomationTesting2020 -flight_Confirmation
23:38:37.617 INFO  AutomationTesting2020 -flight_Reservation
23:38:37.615 INFO  AutomationTesting2020 -flight_Confirmation
23:38:37.615 INFO  AutomationTesting2020 -flight_Reservation
23:38:37.617 INFO  AutomationTesting2020 -open_Registration
23:38:37.617 INFO  AutomationTesting2020 -user_Registration
23:38:37.617 INFO  AutomationTesting2020 -flight_Reservation
23:38:37.617 INFO  AutomationTesting2020 -open_Registration
23:38:37.615 INFO  AutomationTesting2020 -flight_Confirmation
23:38:37.617 INFO  AutomationTesting2020 -open_Registration
23:38:37.617 INFO  AutomationTesting2020 -user_Registration
23:38:37.617 INFO  AutomationTesting2020 -flight_Reservation
23:38:37.617 INFO  AutomationTesting2020 -open_Registration
23:38:37.617 INFO  AutomationTesting2020 -user_Registration
23:38:37.618 INFO  AutomationTesting2020 -user_Registration
23:38:42.539 INFO  AutomationTesting2020 -onTestSuccess -> Test Method Name: open_Registration
23:38:42.675 INFO  AutomationTesting2020 -onTestSuccess -> Test Method Name: open_Registration
23:38:42.833 INFO  AutomationTesting2020 -onTestSuccess -> Test Method Name: open_Registration
23:38:42.950 INFO  AutomationTesting2020 -onTestSuccess -> Test Method Name: open_Registration
23:38:48.810 INFO  AutomationTesting2020 -onTestSuccess -> Test Method Name: user_Registration
23:38:48.811 INFO  AutomationTesting2020 -onTestSuccess -> Test Method Name: user_Registration
23:38:48.816 INFO  AutomationTesting2020 -onTestSuccess -> Test Method Name: user_Registration
23:38:49.025 INFO  AutomationTesting2020 -onTestSuccess -> Test Method Name: user_Registration
23:38:49.949 INFO  AutomationTesting2020 -onTestSuccess -> Test Method Name: confirm_User_Registration
23:38:50.035 INFO  AutomationTesting2020 -onTestSuccess -> Test Method Name: confirm_User_Registration
23:38:50.094 INFO  AutomationTesting2020 -onTestSuccess -> Test Method Name: confirm_User_Registration
23:38:50.163 INFO  AutomationTesting2020 -onTestSuccess -> Test Method Name: confirm_User_Registration
23:38:53.734 INFO  AutomationTesting2020 -onTestSuccess -> Test Method Name: flight_Reservation
23:38:53.818 INFO  AutomationTesting2020 -onTestSuccess -> Test Method Name: flight_Reservation
23:38:53.867 INFO  AutomationTesting2020 -onTestSuccess -> Test Method Name: flight_Reservation
23:38:53.942 INFO  AutomationTesting2020 -onTestSuccess -> Test Method Name: flight_Reservation
23:38:55.088 INFO  AutomationTesting2020 -onTestSuccess -> Test Method Name: flight_Confirmation
23:38:55.154 INFO  AutomationTesting2020 -onTestSuccess -> Test Method Name: flight_Confirmation
23:38:55.171 INFO  AutomationTesting2020 -onFinish -> Test Tag Name: Book Flight for 4 Passengers
23:38:55.221 INFO  AutomationTesting2020 -onTestSuccess -> Test Method Name: flight_Confirmation
23:38:55.223 INFO  AutomationTesting2020 -onFinish -> Test Tag Name: Book Flight for 3 Passengers
23:38:55.288 INFO  AutomationTesting2020 -onFinish -> Test Tag Name: Book Flight for 2 Passengers
23:38:55.292 INFO  AutomationTesting2020 -onTestSuccess -> Test Method Name: flight_Confirmation
23:38:55.358 INFO  AutomationTesting2020 -onFinish -> Test Tag Name: Book Flight for 1 Passenger
23:41:49.158 INFO  AutomationTesting2020 -onStart -> Test Tag Name: Book Flight for 3 Passengers
23:41:49.158 INFO  AutomationTesting2020 -onStart -> Test Tag Name: Book Flight for 4 Passengers
23:41:49.158 INFO  AutomationTesting2020 -onStart -> Test Tag Name: Book Flight for 1 Passenger
23:41:49.158 INFO  AutomationTesting2020 -onStart -> Test Tag Name: Book Flight for 2 Passengers
23:41:49.168 INFO  AutomationTesting2020 -confirm_User_Registration
23:41:49.168 INFO  AutomationTesting2020 -confirm_User_Registration
23:41:49.168 INFO  AutomationTesting2020 -confirm_User_Registration
23:41:49.168 INFO  AutomationTesting2020 -confirm_User_Registration
23:41:49.168 INFO  AutomationTesting2020 -flight_Confirmation
23:41:49.168 INFO  AutomationTesting2020 -flight_Confirmation
23:41:49.168 INFO  AutomationTesting2020 -flight_Confirmation
23:41:49.168 INFO  AutomationTesting2020 -flight_Confirmation
23:41:49.168 INFO  AutomationTesting2020 -flight_Reservation
23:41:49.168 INFO  AutomationTesting2020 -flight_Reservation
23:41:49.168 INFO  AutomationTesting2020 -flight_Reservation
23:41:49.168 INFO  AutomationTesting2020 -open_Registration
23:41:49.168 INFO  AutomationTesting2020 -open_Registration
23:41:49.168 INFO  AutomationTesting2020 -open_Registration
23:41:49.168 INFO  AutomationTesting2020 -flight_Reservation
23:41:49.168 INFO  AutomationTesting2020 -user_Registration
23:41:49.168 INFO  AutomationTesting2020 -user_Registration
23:41:49.168 INFO  AutomationTesting2020 -user_Registration
23:41:49.168 INFO  AutomationTesting2020 -open_Registration
23:41:49.168 INFO  AutomationTesting2020 -user_Registration
23:41:54.304 INFO  AutomationTesting2020 -onTestSuccess -> Test Method Name: open_Registration
23:41:54.316 INFO  AutomationTesting2020 -onTestSuccess -> Test Method Name: open_Registration
23:41:54.365 INFO  AutomationTesting2020 -onTestSuccess -> Test Method Name: open_Registration
23:41:54.415 INFO  AutomationTesting2020 -onTestSuccess -> Test Method Name: open_Registration
23:42:00.059 INFO  AutomationTesting2020 -onTestSuccess -> Test Method Name: user_Registration
23:42:00.994 INFO  AutomationTesting2020 -onTestSuccess -> Test Method Name: user_Registration
23:42:01.000 INFO  AutomationTesting2020 -onTestSuccess -> Test Method Name: user_Registration
23:42:01.003 INFO  AutomationTesting2020 -onTestSuccess -> Test Method Name: user_Registration
23:42:01.173 INFO  AutomationTesting2020 -onTestSuccess -> Test Method Name: confirm_User_Registration
23:42:02.140 INFO  AutomationTesting2020 -onTestSuccess -> Test Method Name: confirm_User_Registration
23:42:02.213 INFO  AutomationTesting2020 -onTestSuccess -> Test Method Name: confirm_User_Registration
23:42:02.270 INFO  AutomationTesting2020 -onTestSuccess -> Test Method Name: confirm_User_Registration
23:42:04.598 INFO  AutomationTesting2020 -onTestSuccess -> Test Method Name: flight_Reservation
23:42:05.732 INFO  AutomationTesting2020 -onTestSuccess -> Test Method Name: flight_Reservation
23:42:05.748 INFO  AutomationTesting2020 -onTestSuccess -> Test Method Name: flight_Reservation
23:42:05.911 INFO  AutomationTesting2020 -onTestSuccess -> Test Method Name: flight_Reservation
23:42:05.947 INFO  AutomationTesting2020 -onTestSuccess -> Test Method Name: flight_Confirmation
23:42:06.030 INFO  AutomationTesting2020 -onFinish -> Test Tag Name: Book Flight for 1 Passenger
23:42:07.111 INFO  AutomationTesting2020 -onTestSuccess -> Test Method Name: flight_Confirmation
23:42:07.161 INFO  AutomationTesting2020 -onTestSuccess -> Test Method Name: flight_Confirmation
23:42:07.183 INFO  AutomationTesting2020 -onFinish -> Test Tag Name: Book Flight for 3 Passengers
23:42:07.229 INFO  AutomationTesting2020 -onFinish -> Test Tag Name: Book Flight for 4 Passengers
23:42:07.260 INFO  AutomationTesting2020 -onTestSuccess -> Test Method Name: flight_Confirmation
23:42:07.342 INFO  AutomationTesting2020 -onFinish -> Test Tag Name: Book Flight for 2 Passengers
23:43:46.561 INFO  AutomationTesting2020 -onStart -> Test Tag Name: Book Flight for 1 Passenger
23:43:46.561 INFO  AutomationTesting2020 -onStart -> Test Tag Name: Book Flight for 4 Passengers
23:43:46.561 INFO  AutomationTesting2020 -onStart -> Test Tag Name: Book Flight for 3 Passengers
23:43:46.561 INFO  AutomationTesting2020 -onStart -> Test Tag Name: Book Flight for 2 Passengers
23:43:46.571 INFO  AutomationTesting2020 -confirm_User_Registration
23:43:46.571 INFO  AutomationTesting2020 -confirm_User_Registration
23:43:46.571 INFO  AutomationTesting2020 -confirm_User_Registration
23:43:46.571 INFO  AutomationTesting2020 -confirm_User_Registration
23:43:46.571 INFO  AutomationTesting2020 -flight_Confirmation
23:43:46.571 INFO  AutomationTesting2020 -flight_Confirmation
23:43:46.571 INFO  AutomationTesting2020 -flight_Confirmation
23:43:46.571 INFO  AutomationTesting2020 -flight_Reservation
23:43:46.571 INFO  AutomationTesting2020 -flight_Reservation
23:43:46.571 INFO  AutomationTesting2020 -flight_Confirmation
23:43:46.571 INFO  AutomationTesting2020 -open_Registration
23:43:46.571 INFO  AutomationTesting2020 -open_Registration
23:43:46.571 INFO  AutomationTesting2020 -flight_Reservation
23:43:46.571 INFO  AutomationTesting2020 -user_Registration
23:43:46.571 INFO  AutomationTesting2020 -user_Registration
23:43:46.571 INFO  AutomationTesting2020 -flight_Reservation
23:43:46.572 INFO  AutomationTesting2020 -open_Registration
23:43:46.571 INFO  AutomationTesting2020 -open_Registration
23:43:46.572 INFO  AutomationTesting2020 -user_Registration
23:43:46.572 INFO  AutomationTesting2020 -user_Registration
23:43:51.576 INFO  AutomationTesting2020 -onTestSuccess -> Test Method Name: open_Registration
23:43:51.632 INFO  AutomationTesting2020 -onTestSuccess -> Test Method Name: open_Registration
23:43:51.741 INFO  AutomationTesting2020 -onTestSuccess -> Test Method Name: open_Registration
23:43:51.984 INFO  AutomationTesting2020 -onTestSuccess -> Test Method Name: open_Registration
23:43:57.267 INFO  AutomationTesting2020 -onTestSuccess -> Test Method Name: user_Registration
23:43:58.107 INFO  AutomationTesting2020 -onTestSuccess -> Test Method Name: user_Registration
23:43:58.134 INFO  AutomationTesting2020 -onTestSuccess -> Test Method Name: user_Registration
23:43:58.134 INFO  AutomationTesting2020 -onTestSuccess -> Test Method Name: user_Registration
23:43:58.409 INFO  AutomationTesting2020 -onTestSuccess -> Test Method Name: confirm_User_Registration
23:43:59.334 INFO  AutomationTesting2020 -onTestSuccess -> Test Method Name: confirm_User_Registration
23:43:59.412 INFO  AutomationTesting2020 -onTestSuccess -> Test Method Name: confirm_User_Registration
23:43:59.491 INFO  AutomationTesting2020 -onTestSuccess -> Test Method Name: confirm_User_Registration
23:44:01.904 INFO  AutomationTesting2020 -onTestSuccess -> Test Method Name: flight_Reservation
23:44:03.084 INFO  AutomationTesting2020 -onTestSuccess -> Test Method Name: flight_Reservation
23:44:03.114 INFO  AutomationTesting2020 -onTestSuccess -> Test Method Name: flight_Reservation
23:44:03.199 INFO  AutomationTesting2020 -onTestSuccess -> Test Method Name: flight_Reservation
23:44:03.388 INFO  AutomationTesting2020 -onTestSuccess -> Test Method Name: flight_Confirmation
23:44:03.534 INFO  AutomationTesting2020 -onFinish -> Test Tag Name: Book Flight for 1 Passenger
23:44:04.474 INFO  AutomationTesting2020 -onTestSuccess -> Test Method Name: flight_Confirmation
23:44:04.531 INFO  AutomationTesting2020 -onTestSuccess -> Test Method Name: flight_Confirmation
23:44:04.541 INFO  AutomationTesting2020 -onFinish -> Test Tag Name: Book Flight for 3 Passengers
23:44:04.598 INFO  AutomationTesting2020 -onFinish -> Test Tag Name: Book Flight for 2 Passengers
23:44:04.613 INFO  AutomationTesting2020 -onTestSuccess -> Test Method Name: flight_Confirmation
23:44:04.681 INFO  AutomationTesting2020 -onFinish -> Test Tag Name: Book Flight for 4 Passengers
23:49:11.911 INFO  AutomationTesting2020 -onStart -> Test Tag Name: Book Flight for 4 Passengers
23:49:11.911 INFO  AutomationTesting2020 -onStart -> Test Tag Name: Book Flight for 3 Passengers
23:49:11.911 INFO  AutomationTesting2020 -onStart -> Test Tag Name: Book Flight for 2 Passengers
23:49:11.911 INFO  AutomationTesting2020 -onStart -> Test Tag Name: Book Flight for 1 Passenger
23:49:11.920 INFO  AutomationTesting2020 -confirm_User_Registration
23:49:11.920 INFO  AutomationTesting2020 -confirm_User_Registration
23:49:11.920 INFO  AutomationTesting2020 -confirm_User_Registration
23:49:11.920 INFO  AutomationTesting2020 -flight_Confirmation
23:49:11.920 INFO  AutomationTesting2020 -confirm_User_Registration
23:49:11.920 INFO  AutomationTesting2020 -flight_Reservation
23:49:11.920 INFO  AutomationTesting2020 -flight_Confirmation
23:49:11.920 INFO  AutomationTesting2020 -flight_Confirmation
23:49:11.920 INFO  AutomationTesting2020 -flight_Reservation
23:49:11.920 INFO  AutomationTesting2020 -flight_Confirmation
23:49:11.920 INFO  AutomationTesting2020 -flight_Reservation
23:49:11.920 INFO  AutomationTesting2020 -open_Registration
23:49:11.920 INFO  AutomationTesting2020 -open_Registration
23:49:11.921 INFO  AutomationTesting2020 -open_Registration
23:49:11.920 INFO  AutomationTesting2020 -flight_Reservation
23:49:11.921 INFO  AutomationTesting2020 -user_Registration
23:49:11.921 INFO  AutomationTesting2020 -user_Registration
23:49:11.921 INFO  AutomationTesting2020 -user_Registration
23:49:11.921 INFO  AutomationTesting2020 -open_Registration
23:49:11.921 INFO  AutomationTesting2020 -user_Registration
23:49:16.908 INFO  AutomationTesting2020 -onTestSuccess -> Test Method Name: open_Registration
23:49:17.012 INFO  AutomationTesting2020 -onTestSuccess -> Test Method Name: open_Registration
23:49:17.115 INFO  AutomationTesting2020 -onTestSuccess -> Test Method Name: open_Registration
23:49:17.195 INFO  AutomationTesting2020 -onTestSuccess -> Test Method Name: open_Registration
23:49:22.598 INFO  AutomationTesting2020 -onTestSuccess -> Test Method Name: user_Registration
23:49:22.722 INFO  AutomationTesting2020 -onTestSuccess -> Test Method Name: user_Registration
23:49:22.820 INFO  AutomationTesting2020 -onTestSuccess -> Test Method Name: user_Registration
23:49:22.934 INFO  AutomationTesting2020 -onTestSuccess -> Test Method Name: user_Registration
23:49:23.780 INFO  AutomationTesting2020 -onTestSuccess -> Test Method Name: confirm_User_Registration
23:49:23.820 INFO  AutomationTesting2020 -onTestSuccess -> Test Method Name: confirm_User_Registration
23:49:23.909 INFO  AutomationTesting2020 -onTestSuccess -> Test Method Name: confirm_User_Registration
23:49:24.131 INFO  AutomationTesting2020 -onTestSuccess -> Test Method Name: confirm_User_Registration
23:49:27.337 INFO  AutomationTesting2020 -onTestSuccess -> Test Method Name: flight_Reservation
23:49:27.371 INFO  AutomationTesting2020 -onTestSuccess -> Test Method Name: flight_Reservation
23:49:27.409 INFO  AutomationTesting2020 -onTestSuccess -> Test Method Name: flight_Reservation
23:49:27.452 INFO  AutomationTesting2020 -onTestSuccess -> Test Method Name: flight_Reservation
23:49:28.830 INFO  AutomationTesting2020 -onTestSuccess -> Test Method Name: flight_Confirmation
23:49:28.837 INFO  AutomationTesting2020 -onTestSuccess -> Test Method Name: flight_Confirmation
23:49:28.923 INFO  AutomationTesting2020 -onFinish -> Test Tag Name: Book Flight for 1 Passenger
23:49:28.923 INFO  AutomationTesting2020 -onFinish -> Test Tag Name: Book Flight for 4 Passengers
23:49:28.928 INFO  AutomationTesting2020 -onTestSuccess -> Test Method Name: flight_Confirmation
23:49:28.955 INFO  AutomationTesting2020 -onTestSuccess -> Test Method Name: flight_Confirmation
23:49:29.006 INFO  AutomationTesting2020 -onFinish -> Test Tag Name: Book Flight for 3 Passengers
23:49:29.082 INFO  AutomationTesting2020 -onFinish -> Test Tag Name: Book Flight for 2 Passengers
23:54:02.735 INFO  AutomationTesting2020 -onStart -> Test Tag Name: Book Flight for 3 Passengers
23:54:02.735 INFO  AutomationTesting2020 -onStart -> Test Tag Name: Book Flight for 4 Passengers
23:54:02.735 INFO  AutomationTesting2020 -onStart -> Test Tag Name: Book Flight for 2 Passengers
23:54:02.735 INFO  AutomationTesting2020 -onStart -> Test Tag Name: Book Flight for 1 Passenger
23:54:02.742 INFO  AutomationTesting2020 -confirm_User_Registration
23:54:02.742 INFO  AutomationTesting2020 -confirm_User_Registration
23:54:02.742 INFO  AutomationTesting2020 -confirm_User_Registration
23:54:02.742 INFO  AutomationTesting2020 -flight_Confirmation
23:54:02.742 INFO  AutomationTesting2020 -flight_Confirmation
23:54:02.742 INFO  AutomationTesting2020 -confirm_User_Registration
23:54:02.743 INFO  AutomationTesting2020 -flight_Confirmation
23:54:02.742 INFO  AutomationTesting2020 -flight_Confirmation
23:54:02.743 INFO  AutomationTesting2020 -flight_Reservation
23:54:02.742 INFO  AutomationTesting2020 -flight_Reservation
23:54:02.743 INFO  AutomationTesting2020 -flight_Reservation
23:54:02.743 INFO  AutomationTesting2020 -flight_Reservation
23:54:02.743 INFO  AutomationTesting2020 -open_Registration
23:54:02.743 INFO  AutomationTesting2020 -open_Registration
23:54:02.743 INFO  AutomationTesting2020 -open_Registration
23:54:02.743 INFO  AutomationTesting2020 -user_Registration
23:54:02.743 INFO  AutomationTesting2020 -user_Registration
23:54:02.743 INFO  AutomationTesting2020 -open_Registration
23:54:02.743 INFO  AutomationTesting2020 -user_Registration
23:54:02.743 INFO  AutomationTesting2020 -user_Registration
23:54:08.660 INFO  AutomationTesting2020 -onTestSuccess -> Test Method Name: open_Registration
23:54:08.756 INFO  AutomationTesting2020 -onTestSuccess -> Test Method Name: open_Registration
23:54:08.829 INFO  AutomationTesting2020 -onTestSuccess -> Test Method Name: open_Registration
23:54:09.094 INFO  AutomationTesting2020 -onTestSuccess -> Test Method Name: open_Registration
23:54:13.644 INFO  AutomationTesting2020 -onTestSuccess -> Test Method Name: user_Registration
23:54:13.714 INFO  AutomationTesting2020 -onTestSuccess -> Test Method Name: user_Registration
23:54:13.774 INFO  AutomationTesting2020 -onTestSuccess -> Test Method Name: user_Registration
23:54:14.045 INFO  AutomationTesting2020 -onTestSuccess -> Test Method Name: user_Registration
23:54:14.562 INFO  AutomationTesting2020 -onTestSuccess -> Test Method Name: confirm_User_Registration
23:54:14.916 INFO  AutomationTesting2020 -onTestSuccess -> Test Method Name: confirm_User_Registration
23:54:14.963 INFO  AutomationTesting2020 -onTestSuccess -> Test Method Name: confirm_User_Registration
23:54:15.125 INFO  AutomationTesting2020 -onTestSuccess -> Test Method Name: confirm_User_Registration
23:54:17.910 INFO  AutomationTesting2020 -onTestSuccess -> Test Method Name: flight_Reservation
23:54:18.104 INFO  AutomationTesting2020 -onTestSuccess -> Test Method Name: flight_Reservation
23:54:18.342 INFO  AutomationTesting2020 -onTestSuccess -> Test Method Name: flight_Reservation
23:54:18.422 INFO  AutomationTesting2020 -onTestSuccess -> Test Method Name: flight_Reservation
23:54:19.128 INFO  AutomationTesting2020 -onTestSuccess -> Test Method Name: flight_Confirmation
23:54:19.272 INFO  AutomationTesting2020 -onTestSuccess -> Test Method Name: flight_Confirmation
23:54:19.526 INFO  AutomationTesting2020 -onTestSuccess -> Test Method Name: flight_Confirmation
23:54:19.679 INFO  AutomationTesting2020 -onTestSuccess -> Test Method Name: flight_Confirmation
23:54:19.922 INFO  AutomationTesting2020 -onFinish -> Test Tag Name: Book Flight for 2 Passengers
23:54:20.055 INFO  AutomationTesting2020 -onFinish -> Test Tag Name: Book Flight for 4 Passengers
23:54:20.327 INFO  AutomationTesting2020 -onFinish -> Test Tag Name: Book Flight for 1 Passenger
23:54:20.452 INFO  AutomationTesting2020 -onFinish -> Test Tag Name: Book Flight for 3 Passengers
23:56:17.425 INFO  AutomationTesting2020 -onStart -> Test Tag Name: Book Flight for 2 Passengers
23:56:17.425 INFO  AutomationTesting2020 -onStart -> Test Tag Name: Book Flight for 4 Passengers
23:56:17.425 INFO  AutomationTesting2020 -onStart -> Test Tag Name: Book Flight for 1 Passenger
23:56:17.425 INFO  AutomationTesting2020 -onStart -> Test Tag Name: Book Flight for 3 Passengers
23:56:17.435 INFO  AutomationTesting2020 -confirm_User_Registration
23:56:17.435 INFO  AutomationTesting2020 -confirm_User_Registration
23:56:17.435 INFO  AutomationTesting2020 -flight_Confirmation
23:56:17.435 INFO  AutomationTesting2020 -confirm_User_Registration
23:56:17.436 INFO  AutomationTesting2020 -flight_Confirmation
23:56:17.435 INFO  AutomationTesting2020 -confirm_User_Registration
23:56:17.436 INFO  AutomationTesting2020 -flight_Confirmation
23:56:17.436 INFO  AutomationTesting2020 -flight_Reservation
23:56:17.436 INFO  AutomationTesting2020 -flight_Confirmation
23:56:17.436 INFO  AutomationTesting2020 -flight_Reservation
23:56:17.436 INFO  AutomationTesting2020 -flight_Reservation
23:56:17.436 INFO  AutomationTesting2020 -open_Registration
23:56:17.436 INFO  AutomationTesting2020 -open_Registration
23:56:17.436 INFO  AutomationTesting2020 -flight_Reservation
23:56:17.436 INFO  AutomationTesting2020 -user_Registration
23:56:17.436 INFO  AutomationTesting2020 -open_Registration
23:56:17.436 INFO  AutomationTesting2020 -user_Registration
23:56:17.436 INFO  AutomationTesting2020 -open_Registration
23:56:17.436 INFO  AutomationTesting2020 -user_Registration
23:56:17.436 INFO  AutomationTesting2020 -user_Registration
23:56:22.877 INFO  AutomationTesting2020 -onTestSuccess -> Test Method Name: open_Registration
23:56:22.968 INFO  AutomationTesting2020 -onTestSuccess -> Test Method Name: open_Registration
23:56:23.000 INFO  AutomationTesting2020 -onTestSuccess -> Test Method Name: open_Registration
23:56:23.099 INFO  AutomationTesting2020 -onTestSuccess -> Test Method Name: open_Registration
23:56:28.866 INFO  AutomationTesting2020 -onTestSuccess -> Test Method Name: user_Registration
23:56:28.866 INFO  AutomationTesting2020 -onTestSuccess -> Test Method Name: user_Registration
23:56:28.879 INFO  AutomationTesting2020 -onTestSuccess -> Test Method Name: user_Registration
23:56:29.071 INFO  AutomationTesting2020 -onTestSuccess -> Test Method Name: user_Registration
23:56:30.032 INFO  AutomationTesting2020 -onTestSuccess -> Test Method Name: confirm_User_Registration
23:56:30.115 INFO  AutomationTesting2020 -onTestSuccess -> Test Method Name: confirm_User_Registration
23:56:30.176 INFO  AutomationTesting2020 -onTestSuccess -> Test Method Name: confirm_User_Registration
23:56:30.238 INFO  AutomationTesting2020 -onTestSuccess -> Test Method Name: confirm_User_Registration
23:56:33.784 INFO  AutomationTesting2020 -onTestSuccess -> Test Method Name: flight_Reservation
23:56:33.863 INFO  AutomationTesting2020 -onTestSuccess -> Test Method Name: flight_Reservation
23:56:33.927 INFO  AutomationTesting2020 -onTestSuccess -> Test Method Name: flight_Reservation
23:56:33.985 INFO  AutomationTesting2020 -onTestSuccess -> Test Method Name: flight_Reservation
23:56:35.178 INFO  AutomationTesting2020 -onTestSuccess -> Test Method Name: flight_Confirmation
23:56:35.229 INFO  AutomationTesting2020 -onTestSuccess -> Test Method Name: flight_Confirmation
23:56:35.262 INFO  AutomationTesting2020 -onFinish -> Test Tag Name: Book Flight for 1 Passenger
23:56:35.287 INFO  AutomationTesting2020 -onTestSuccess -> Test Method Name: flight_Confirmation
23:56:35.300 INFO  AutomationTesting2020 -onFinish -> Test Tag Name: Book Flight for 2 Passengers
23:56:35.350 INFO  AutomationTesting2020 -onTestSuccess -> Test Method Name: flight_Confirmation
23:56:35.370 INFO  AutomationTesting2020 -onFinish -> Test Tag Name: Book Flight for 3 Passengers
23:56:35.427 INFO  AutomationTesting2020 -onFinish -> Test Tag Name: Book Flight for 4 Passengers
23:58:25.683 INFO  AutomationTesting2020 -onStart -> Test Tag Name: Book Flight for 4 Passengers
23:58:25.683 INFO  AutomationTesting2020 -onStart -> Test Tag Name: Book Flight for 1 Passenger
23:58:25.683 INFO  AutomationTesting2020 -onStart -> Test Tag Name: Book Flight for 2 Passengers
23:58:25.683 INFO  AutomationTesting2020 -onStart -> Test Tag Name: Book Flight for 3 Passengers
23:58:25.704 INFO  AutomationTesting2020 -confirm_User_Registration
23:58:25.704 INFO  AutomationTesting2020 -confirm_User_Registration
23:58:25.704 INFO  AutomationTesting2020 -flight_Confirmation
23:58:25.704 INFO  AutomationTesting2020 -confirm_User_Registration
23:58:25.704 INFO  AutomationTesting2020 -confirm_User_Registration
23:58:25.704 INFO  AutomationTesting2020 -flight_Confirmation
23:58:25.704 INFO  AutomationTesting2020 -flight_Reservation
23:58:25.704 INFO  AutomationTesting2020 -open_Registration
23:58:25.704 INFO  AutomationTesting2020 -flight_Confirmation
23:58:25.704 INFO  AutomationTesting2020 -user_Registration
23:58:25.704 INFO  AutomationTesting2020 -flight_Confirmation
23:58:25.704 INFO  AutomationTesting2020 -flight_Reservation
23:58:25.704 INFO  AutomationTesting2020 -flight_Reservation
23:58:25.705 INFO  AutomationTesting2020 -open_Registration
23:58:25.704 INFO  AutomationTesting2020 -open_Registration
23:58:25.705 INFO  AutomationTesting2020 -user_Registration
23:58:25.705 INFO  AutomationTesting2020 -user_Registration
23:58:25.704 INFO  AutomationTesting2020 -flight_Reservation
23:58:25.705 INFO  AutomationTesting2020 -open_Registration
23:58:25.706 INFO  AutomationTesting2020 -user_Registration
23:58:30.973 INFO  AutomationTesting2020 -onTestSuccess -> Test Method Name: open_Registration
23:58:31.025 INFO  AutomationTesting2020 -onTestSuccess -> Test Method Name: open_Registration
23:58:31.129 INFO  AutomationTesting2020 -onTestSuccess -> Test Method Name: open_Registration
23:58:31.194 INFO  AutomationTesting2020 -onTestSuccess -> Test Method Name: open_Registration
23:58:36.993 INFO  AutomationTesting2020 -onTestSuccess -> Test Method Name: user_Registration
23:58:36.997 INFO  AutomationTesting2020 -onTestSuccess -> Test Method Name: user_Registration
23:58:37.001 INFO  AutomationTesting2020 -onTestSuccess -> Test Method Name: user_Registration
23:58:37.184 INFO  AutomationTesting2020 -onTestSuccess -> Test Method Name: user_Registration
23:58:38.180 INFO  AutomationTesting2020 -onTestSuccess -> Test Method Name: confirm_User_Registration
23:58:38.267 INFO  AutomationTesting2020 -onTestSuccess -> Test Method Name: confirm_User_Registration
23:58:38.324 INFO  AutomationTesting2020 -onTestSuccess -> Test Method Name: confirm_User_Registration
23:58:38.408 INFO  AutomationTesting2020 -onTestSuccess -> Test Method Name: confirm_User_Registration
23:58:41.834 INFO  AutomationTesting2020 -onTestSuccess -> Test Method Name: flight_Reservation
23:58:41.913 INFO  AutomationTesting2020 -onTestSuccess -> Test Method Name: flight_Reservation
23:58:42.074 INFO  AutomationTesting2020 -onTestSuccess -> Test Method Name: flight_Reservation
23:58:42.132 INFO  AutomationTesting2020 -onTestSuccess -> Test Method Name: flight_Reservation
23:58:43.316 INFO  AutomationTesting2020 -onTestSuccess -> Test Method Name: flight_Confirmation
23:58:43.322 INFO  AutomationTesting2020 -onTestSuccess -> Test Method Name: flight_Confirmation
23:58:43.405 INFO  AutomationTesting2020 -onFinish -> Test Tag Name: Book Flight for 3 Passengers
23:58:43.405 INFO  AutomationTesting2020 -onFinish -> Test Tag Name: Book Flight for 4 Passengers
23:58:43.428 INFO  AutomationTesting2020 -onTestSuccess -> Test Method Name: flight_Confirmation
23:58:43.459 INFO  AutomationTesting2020 -onTestSuccess -> Test Method Name: flight_Confirmation
23:58:43.512 INFO  AutomationTesting2020 -onFinish -> Test Tag Name: Book Flight for 1 Passenger
23:58:43.535 INFO  AutomationTesting2020 -onFinish -> Test Tag Name: Book Flight for 2 Passengers
